<?xml version="1.0" encoding="UTF-8"?>
<!-- Generated by org.testng.reporters.JUnitXMLReporter -->
<testsuite ignored="0" hostname="DESKTOP-D7OP2E3" failures="0" tests="7" name="Default test" time="11.733" errors="0" timestamp="15 Jan 2022 06:08:04 GMT">
  <testcase classname="com.ecommerce.stepdefinition.Flipkart" name="login" time="0.17"/>
  <testcase classname="com.ecommerce.stepdefinition.Flipkart" name="search" time="0.166"/>
  <testcase classname="com.ecommerce.stepdefinition.Flipkart" name="name" time="0.871"/>
  <testcase classname="com.ecommerce.stepdefinition.Flipkart" name="window" time="0.019"/>
  <testcase classname="com.ecommerce.stepdefinition.Flipkart" name="validation" time="1.587"/>
  <testcase classname="com.ecommerce.stepdefinition.Flipkart" name="screenshot" time="0.292"/>
  <testcase classname="com.ecommerce.stepdefinition.Flipkart" name="screenshot" time="0.232"/>
</testsuite> <!-- Default test -->
